<?xml version="1.0" encoding="UTF-8"?>
<!-- Generated by org.testng.reporters.JUnitXMLReporter -->
<testsuite hostname="Lenovo-PC" name="Default test" tests="3" failures="0" timestamp="25 Jun 2018 10:19:30 GMT" time="4.359" errors="0">
  <testcase name="CommentTest199" time="2.703" classname="GetRequest.Newtest"/>
  <testcase name="GetRequetToURL" time="0.27" classname="GetRequest.Newtest"/>
  <testcase name="Postid40contains5comments" time="1.336" classname="GetRequest.Newtest"/>
</testsuite> <!-- Default test -->
